<?xml version="1.0" encoding="UTF-8"?>
<!-- Generated by org.testng.reporters.JUnitReportReporter -->
<testsuite hostname="LAPTOP-S60HSV3C" failures="0" tests="10" name="runner.WebApp" time="247.202" errors="0" timestamp="2022-01-21T15:34:53 IST" skipped="0">
  <testcase classname="runner.WebApp" name="HomePage" time="13.498"/>
  <system-out/>
  <testcase classname="runner.WebApp" name="SignUp" time="18.489"/>
  <system-out/>
  <testcase classname="runner.WebApp" name="HomepageLogin" time="16.458"/>
  <system-out/>
  <testcase classname="runner.WebApp" name="AboutPage" time="15.023"/>
  <system-out/>
  <testcase classname="runner.WebApp" name="ContactPage" time="16.143"/>
  <system-out/>
  <testcase classname="runner.WebApp" name="OnewayPage" time="23.795"/>
  <system-out/>
  <testcase classname="runner.WebApp" name="LocalPage" time="27.099"/>
  <system-out/>
  <testcase classname="runner.WebApp" name="OutstationPage" time="61.643"/>
  <system-out/>
  <testcase classname="runner.WebApp" name="AirportPage" time="32.865"/>
  <system-out/>
  <testcase classname="runner.WebApp" name="CorporatePage" time="22.189"/>
  <system-out/>
</testsuite> <!-- runner.WebApp -->
